<?xml version="1.0" encoding="UTF-8"?>
<!-- Generated by org.testng.reporters.JUnitReportReporter -->
<testsuite skipped="0" hostname="MAC018.local" name="com.ahb.mobileautomation.runner.RestAssuredRunCukesTest" tests="1" failures="0" timestamp="13 Mar 2022 16:23:17 GMT" time="9.004" errors="0">
  <testcase name="feature" time="9.004" classname="com.ahb.mobileautomation.runner.RestAssuredRunCukesTest"/>
</testsuite> <!-- com.ahb.mobileautomation.runner.RestAssuredRunCukesTest -->
