<?xml version="1.0" encoding="UTF-8"?>
<!-- Generated by org.testng.reporters.JUnitReportReporter -->
<testsuite skipped="0" hostname="Vivek-Deevis-MacBook-Pro.local" name="com.ahb.mobileautomation.runner.RestAssuredRunCukesTest" tests="1" failures="0" timestamp="13 Mar 2022 13:04:29 GMT" time="2.514" errors="0">
  <testcase name="feature" time="2.514" classname="com.ahb.mobileautomation.runner.RestAssuredRunCukesTest"/>
</testsuite> <!-- com.ahb.mobileautomation.runner.RestAssuredRunCukesTest -->
